Analysis & Synthesis report for DE1_SoC
Sat Mar 03 14:34:12 2018
Quartus Prime Version 17.0.0 Build 595 04/25/2017 SJ Lite Edition


---------------------
; Table of Contents ;
---------------------
  1. Legal Notice
  2. Analysis & Synthesis Summary
  3. Analysis & Synthesis Settings
  4. Parallel Compilation
  5. Analysis & Synthesis Messages
  6. Analysis & Synthesis Suppressed Messages



----------------
; Legal Notice ;
----------------
Copyright (C) 2017  Intel Corporation. All rights reserved.
Your use of Intel Corporation's design tools, logic functions 
and other software and tools, and its AMPP partner logic 
functions, and any output files from any of the foregoing 
(including device programming or simulation files), and any 
associated documentation or information are expressly subject 
to the terms and conditions of the Intel Program License 
Subscription Agreement, the Intel Quartus Prime License Agreement,
the Intel MegaCore Function License Agreement, or other 
applicable license agreement, including, without limitation, 
that your use is for the sole purpose of programming logic 
devices manufactured by Intel and sold by Intel or its 
authorized distributors.  Please refer to the applicable 
agreement for further details.



+---------------------------------------------------------------------------+
; Analysis & Synthesis Summary                                              ;
+-----------------------------+---------------------------------------------+
; Analysis & Synthesis Status ; Failed - Sat Mar 03 14:34:12 2018           ;
; Quartus Prime Version       ; 17.0.0 Build 595 04/25/2017 SJ Lite Edition ;
; Revision Name               ; DE1_SoC                                     ;
; Top-level Entity Name       ; DE1_SoC                                     ;
; Family                      ; Cyclone V                                   ;
; Logic utilization (in ALMs) ; N/A until Partition Merge                   ;
; Total registers             ; N/A until Partition Merge                   ;
; Total pins                  ; N/A until Partition Merge                   ;
; Total virtual pins          ; N/A until Partition Merge                   ;
; Total block memory bits     ; N/A until Partition Merge                   ;
; Total PLLs                  ; N/A until Partition Merge                   ;
; Total DLLs                  ; N/A until Partition Merge                   ;
+-----------------------------+---------------------------------------------+


+---------------------------------------------------------------------------------------------------------------------------+
; Analysis & Synthesis Settings                                                                                             ;
+---------------------------------------------------------------------------------+--------------------+--------------------+
; Option                                                                          ; Setting            ; Default Value      ;
+---------------------------------------------------------------------------------+--------------------+--------------------+
; Device                                                                          ; 5CSEMA5F31C6       ;                    ;
; Top-level entity name                                                           ; DE1_SoC            ; DE1_SoC            ;
; Family name                                                                     ; Cyclone V          ; Cyclone V          ;
; State Machine Processing                                                        ; User-Encoded       ; Auto               ;
; Use smart compilation                                                           ; Off                ; Off                ;
; Enable parallel Assembler and TimeQuest Timing Analyzer during compilation      ; On                 ; On                 ;
; Enable compact report table                                                     ; Off                ; Off                ;
; Restructure Multiplexers                                                        ; Auto               ; Auto               ;
; MLAB Add Timing Constraints For Mixed-Port Feed-Through Mode Setting Don't Care ; Off                ; Off                ;
; Create Debugging Nodes for IP Cores                                             ; Off                ; Off                ;
; Preserve fewer node names                                                       ; On                 ; On                 ;
; OpenCore Plus hardware evaluation                                               ; Enable             ; Enable             ;
; Verilog Version                                                                 ; Verilog_2001       ; Verilog_2001       ;
; VHDL Version                                                                    ; VHDL_1993          ; VHDL_1993          ;
; Safe State Machine                                                              ; Off                ; Off                ;
; Extract Verilog State Machines                                                  ; On                 ; On                 ;
; Extract VHDL State Machines                                                     ; On                 ; On                 ;
; Ignore Verilog initial constructs                                               ; Off                ; Off                ;
; Iteration limit for constant Verilog loops                                      ; 5000               ; 5000               ;
; Iteration limit for non-constant Verilog loops                                  ; 250                ; 250                ;
; Add Pass-Through Logic to Inferred RAMs                                         ; On                 ; On                 ;
; Infer RAMs from Raw Logic                                                       ; On                 ; On                 ;
; Parallel Synthesis                                                              ; On                 ; On                 ;
; DSP Block Balancing                                                             ; Auto               ; Auto               ;
; NOT Gate Push-Back                                                              ; On                 ; On                 ;
; Power-Up Don't Care                                                             ; On                 ; On                 ;
; Remove Redundant Logic Cells                                                    ; Off                ; Off                ;
; Remove Duplicate Registers                                                      ; On                 ; On                 ;
; Ignore CARRY Buffers                                                            ; Off                ; Off                ;
; Ignore CASCADE Buffers                                                          ; Off                ; Off                ;
; Ignore GLOBAL Buffers                                                           ; Off                ; Off                ;
; Ignore ROW GLOBAL Buffers                                                       ; Off                ; Off                ;
; Ignore LCELL Buffers                                                            ; Off                ; Off                ;
; Ignore SOFT Buffers                                                             ; On                 ; On                 ;
; Limit AHDL Integers to 32 Bits                                                  ; Off                ; Off                ;
; Optimization Technique                                                          ; Balanced           ; Balanced           ;
; Carry Chain Length                                                              ; 70                 ; 70                 ;
; Auto Carry Chains                                                               ; On                 ; On                 ;
; Auto Open-Drain Pins                                                            ; On                 ; On                 ;
; Perform WYSIWYG Primitive Resynthesis                                           ; Off                ; Off                ;
; Auto ROM Replacement                                                            ; On                 ; On                 ;
; Auto RAM Replacement                                                            ; On                 ; On                 ;
; Auto DSP Block Replacement                                                      ; On                 ; On                 ;
; Auto Shift Register Replacement                                                 ; Auto               ; Auto               ;
; Allow Shift Register Merging across Hierarchies                                 ; Auto               ; Auto               ;
; Auto Clock Enable Replacement                                                   ; On                 ; On                 ;
; Strict RAM Replacement                                                          ; Off                ; Off                ;
; Allow Synchronous Control Signals                                               ; On                 ; On                 ;
; Force Use of Synchronous Clear Signals                                          ; Off                ; Off                ;
; Auto Resource Sharing                                                           ; Off                ; Off                ;
; Allow Any RAM Size For Recognition                                              ; Off                ; Off                ;
; Allow Any ROM Size For Recognition                                              ; Off                ; Off                ;
; Allow Any Shift Register Size For Recognition                                   ; Off                ; Off                ;
; Use LogicLock Constraints during Resource Balancing                             ; On                 ; On                 ;
; Ignore translate_off and synthesis_off directives                               ; Off                ; Off                ;
; Timing-Driven Synthesis                                                         ; On                 ; On                 ;
; Report Parameter Settings                                                       ; On                 ; On                 ;
; Report Source Assignments                                                       ; On                 ; On                 ;
; Report Connectivity Checks                                                      ; On                 ; On                 ;
; Ignore Maximum Fan-Out Assignments                                              ; Off                ; Off                ;
; Synchronization Register Chain Length                                           ; 3                  ; 3                  ;
; PowerPlay Power Optimization During Synthesis                                   ; Normal compilation ; Normal compilation ;
; HDL message level                                                               ; Level2             ; Level2             ;
; Suppress Register Optimization Related Messages                                 ; Off                ; Off                ;
; Number of Removed Registers Reported in Synthesis Report                        ; 5000               ; 5000               ;
; Number of Swept Nodes Reported in Synthesis Report                              ; 5000               ; 5000               ;
; Number of Inverted Registers Reported in Synthesis Report                       ; 100                ; 100                ;
; Clock MUX Protection                                                            ; On                 ; On                 ;
; Auto Gated Clock Conversion                                                     ; Off                ; Off                ;
; Block Design Naming                                                             ; Auto               ; Auto               ;
; SDC constraint protection                                                       ; Off                ; Off                ;
; Synthesis Effort                                                                ; Auto               ; Auto               ;
; Shift Register Replacement - Allow Asynchronous Clear Signal                    ; On                 ; On                 ;
; Pre-Mapping Resynthesis Optimization                                            ; Off                ; Off                ;
; Analysis & Synthesis Message Level                                              ; Medium             ; Medium             ;
; Disable Register Merging Across Hierarchies                                     ; Auto               ; Auto               ;
; Resource Aware Inference For Block RAM                                          ; On                 ; On                 ;
; Automatic Parallel Synthesis                                                    ; On                 ; On                 ;
; Partial Reconfiguration Bitstream ID                                            ; Off                ; Off                ;
+---------------------------------------------------------------------------------+--------------------+--------------------+


+------------------------------------------+
; Parallel Compilation                     ;
+----------------------------+-------------+
; Processors                 ; Number      ;
+----------------------------+-------------+
; Number detected on machine ; 4           ;
; Maximum allowed            ; 2           ;
;                            ;             ;
; Average used               ; 1.00        ;
; Maximum used               ; 1           ;
;                            ;             ;
; Usage by Processor         ; % Time Used ;
;     Processor 1            ; 100.0%      ;
+----------------------------+-------------+


+-------------------------------+
; Analysis & Synthesis Messages ;
+-------------------------------+
Info: *******************************************************************
Info: Running Quartus Prime Analysis & Synthesis
    Info: Version 17.0.0 Build 595 04/25/2017 SJ Lite Edition
    Info: Processing started: Sat Mar 03 14:33:57 2018
Info: Command: quartus_map --read_settings_files=on --write_settings_files=off DE1_SoC -c DE1_SoC
Info (20030): Parallel compilation is enabled and will use 2 of the 2 processors detected
Info (12021): Found 1 design units, including 1 entities, in source file de1_soc.sv
    Info (12023): Found entity 1: DE1_SoC File: C:/Users/Son Tran/Desktop/lab8/DE1_SoC.sv Line: 1
Info (12021): Found 1 design units, including 1 entities, in source file driver.sv
    Info (12023): Found entity 1: driver File: C:/Users/Son Tran/Desktop/lab8/driver.sv Line: 1
Info (12021): Found 2 design units, including 2 entities, in source file inputuser.sv
    Info (12023): Found entity 1: inputUser File: C:/Users/Son Tran/Desktop/lab8/inputUser.sv Line: 1
    Info (12023): Found entity 2: handleClick File: C:/Users/Son Tran/Desktop/lab8/inputUser.sv Line: 9
Info (12021): Found 1 design units, including 1 entities, in source file frog.sv
    Info (12023): Found entity 1: frog File: C:/Users/Son Tran/Desktop/lab8/frog.sv Line: 1
Info (12127): Elaborating entity "DE1_SoC" for the top level hierarchy
Info (10041): Inferred latch for "green_array[0][0]" at DE1_SoC.sv(24) File: C:/Users/Son Tran/Desktop/lab8/DE1_SoC.sv Line: 24
Info (10041): Inferred latch for "green_array[0][1]" at DE1_SoC.sv(24) File: C:/Users/Son Tran/Desktop/lab8/DE1_SoC.sv Line: 24
Info (10041): Inferred latch for "green_array[1][0]" at DE1_SoC.sv(24) File: C:/Users/Son Tran/Desktop/lab8/DE1_SoC.sv Line: 24
Info (10041): Inferred latch for "green_array[1][1]" at DE1_SoC.sv(24) File: C:/Users/Son Tran/Desktop/lab8/DE1_SoC.sv Line: 24
Info (12128): Elaborating entity "inputUser" for hierarchy "inputUser:in" File: C:/Users/Son Tran/Desktop/lab8/DE1_SoC.sv Line: 21
Info (12128): Elaborating entity "handleClick" for hierarchy "inputUser:in|handleClick:Right" File: C:/Users/Son Tran/Desktop/lab8/inputUser.sv Line: 5
Info (12128): Elaborating entity "frog" for hierarchy "frog:setFrog" File: C:/Users/Son Tran/Desktop/lab8/DE1_SoC.sv Line: 22
Warning (10230): Verilog HDL assignment warning at frog.sv(14): truncated value with size 32 to match size of target (1) File: C:/Users/Son Tran/Desktop/lab8/frog.sv Line: 14
Warning (10230): Verilog HDL assignment warning at frog.sv(16): truncated value with size 32 to match size of target (1) File: C:/Users/Son Tran/Desktop/lab8/frog.sv Line: 16
Warning (10230): Verilog HDL assignment warning at frog.sv(18): truncated value with size 32 to match size of target (1) File: C:/Users/Son Tran/Desktop/lab8/frog.sv Line: 18
Warning (10230): Verilog HDL assignment warning at frog.sv(20): truncated value with size 32 to match size of target (1) File: C:/Users/Son Tran/Desktop/lab8/frog.sv Line: 20
Warning (10240): Verilog HDL Always Construct warning at frog.sv(13): inferring latch(es) for variable "nsx", which holds its previous value in one or more paths through the always construct File: C:/Users/Son Tran/Desktop/lab8/frog.sv Line: 13
Warning (10240): Verilog HDL Always Construct warning at frog.sv(13): inferring latch(es) for variable "nsy", which holds its previous value in one or more paths through the always construct File: C:/Users/Son Tran/Desktop/lab8/frog.sv Line: 13
Error (10166): SystemVerilog RTL Coding error at frog.sv(13): always_comb construct does not infer purely combinational logic. File: C:/Users/Son Tran/Desktop/lab8/frog.sv Line: 13
Warning (10230): Verilog HDL assignment warning at frog.sv(28): truncated value with size 32 to match size of target (1) File: C:/Users/Son Tran/Desktop/lab8/frog.sv Line: 28
Warning (10230): Verilog HDL assignment warning at frog.sv(29): truncated value with size 32 to match size of target (1) File: C:/Users/Son Tran/Desktop/lab8/frog.sv Line: 29
Info (10041): Inferred latch for "nsy" at frog.sv(15) File: C:/Users/Son Tran/Desktop/lab8/frog.sv Line: 15
Info (10041): Inferred latch for "nsx" at frog.sv(15) File: C:/Users/Son Tran/Desktop/lab8/frog.sv Line: 15
Error (12152): Can't elaborate user hierarchy "frog:setFrog" File: C:/Users/Son Tran/Desktop/lab8/DE1_SoC.sv Line: 22
Info (144001): Generated suppressed messages file C:/Users/Son Tran/Desktop/lab8/output_files/DE1_SoC.map.smsg
Error: Quartus Prime Analysis & Synthesis was unsuccessful. 2 errors, 8 warnings
    Error: Peak virtual memory: 690 megabytes
    Error: Processing ended: Sat Mar 03 14:34:12 2018
    Error: Elapsed time: 00:00:15
    Error: Total CPU time (on all processors): 00:00:35


+------------------------------------------+
; Analysis & Synthesis Suppressed Messages ;
+------------------------------------------+
The suppressed messages can be found in C:/Users/Son Tran/Desktop/lab8/output_files/DE1_SoC.map.smsg.


